2023-01-30 19:40:36 0 [Note] InnoDB: Mutexes and rw_locks use Windows interlocked functions
2023-01-30 19:40:36 0 [Note] InnoDB: Uses event mutexes
2023-01-30 19:40:36 0 [Note] InnoDB: Compressed tables use zlib 1.2.12
2023-01-30 19:40:36 0 [Note] InnoDB: Number of pools: 1
2023-01-30 19:40:36 0 [Note] InnoDB: Using SSE2 crc32 instructions
2023-01-30 19:40:36 0 [Note] InnoDB: Initializing buffer pool, total size = 16M, instances = 1, chunk size = 16M
2023-01-30 19:40:36 0 [Note] InnoDB: Completed initialization of buffer pool
2023-01-30 19:40:36 0 [Note] InnoDB: Starting crash recovery from checkpoint LSN=300288
2023-01-30 19:40:37 0 [Note] InnoDB: 128 out of 128 rollback segments are active.
2023-01-30 19:40:37 0 [Note] InnoDB: Removed temporary tablespace data file: "ibtmp1"
2023-01-30 19:40:37 0 [Note] InnoDB: Creating shared tablespace for temporary tables
2023-01-30 19:40:37 0 [Note] InnoDB: Setting file 'C:\xampp\mysql\data\ibtmp1' size to 12 MB. Physically writing the file full; Please wait ...
2023-01-30 19:40:37 0 [Note] InnoDB: File 'C:\xampp\mysql\data\ibtmp1' size is now 12 MB.
2023-01-30 19:40:37 0 [Note] InnoDB: Waiting for purge to start
2023-01-30 19:40:37 0 [Note] InnoDB: 10.4.27 started; log sequence number 300297; transaction id 170
2023-01-30 19:40:37 0 [Note] Plugin 'FEEDBACK' is disabled.
2023-01-30 19:40:37 0 [Note] InnoDB: Loading buffer pool(s) from C:\xampp\mysql\data\ib_buffer_pool
2023-01-30 19:40:37 0 [Note] InnoDB: Buffer pool(s) load completed at 230130 19:40:37
2023-01-30 19:40:37 0 [Note] Server socket created on IP: '::'.
2023-01-30 19:40:37 0 [Note] Reading of all Master_info entries succeeded
2023-01-30 19:40:37 0 [Note] Added new Master_info '' to hash table
2023-01-30 19:40:37 0 [Note] C:\xampp\mysql\bin\mysqld.exe: ready for connections.
Version: '10.4.27-MariaDB'  socket: ''  port: 3306  mariadb.org binary distribution
2023-01-30 22:37:50 99 [Warning] Aborted connection 99 to db: 'smart_attendance' user: 'root' host: 'localhost' (Got an error reading communication packets)
2023-01-30 22:37:58 100 [Warning] Aborted connection 100 to db: 'smart_attendance' user: 'root' host: 'localhost' (Got an error reading communication packets)
2023-01-30 23:39:31 0 [Note] C:\xampp\mysql\bin\mysqld.exe (initiated by: unknown): Normal shutdown
2023-01-30 23:39:31 0 [Note] Event Scheduler: Purging the queue. 0 events
2023-01-30 23:39:31 0 [Note] InnoDB: FTS optimize thread exiting.
2023-01-30 23:39:31 0 [Note] InnoDB: Starting shutdown...
2023-01-30 23:39:31 0 [Note] InnoDB: Dumping buffer pool(s) to C:\xampp\mysql\data\ib_buffer_pool
2023-01-30 23:39:31 0 [Note] InnoDB: Instance 0, restricted to 250 pages due to innodb_buf_pool_dump_pct=25
2023-01-30 23:39:31 0 [Note] InnoDB: Buffer pool(s) dump completed at 230130 23:39:31
2023-01-30 23:39:33 0 [Note] InnoDB: Removed temporary tablespace data file: "ibtmp1"
2023-01-30 23:39:33 0 [Note] InnoDB: Shutdown completed; log sequence number 463008; transaction id 254
2023-01-30 23:39:33 0 [Note] C:\xampp\mysql\bin\mysqld.exe: Shutdown complete

2023-01-31  8:43:25 0 [Note] InnoDB: Mutexes and rw_locks use Windows interlocked functions
2023-01-31  8:43:25 0 [Note] InnoDB: Uses event mutexes
2023-01-31  8:43:25 0 [Note] InnoDB: Compressed tables use zlib 1.2.12
2023-01-31  8:43:25 0 [Note] InnoDB: Number of pools: 1
2023-01-31  8:43:25 0 [Note] InnoDB: Using SSE2 crc32 instructions
2023-01-31  8:43:25 0 [Note] InnoDB: Initializing buffer pool, total size = 16M, instances = 1, chunk size = 16M
2023-01-31  8:43:25 0 [Note] InnoDB: Completed initialization of buffer pool
2023-01-31  8:43:25 0 [Note] InnoDB: 128 out of 128 rollback segments are active.
2023-01-31  8:43:25 0 [Note] InnoDB: Creating shared tablespace for temporary tables
2023-01-31  8:43:25 0 [Note] InnoDB: Setting file 'C:\xampp\mysql\data\ibtmp1' size to 12 MB. Physically writing the file full; Please wait ...
2023-01-31  8:43:25 0 [Note] InnoDB: File 'C:\xampp\mysql\data\ibtmp1' size is now 12 MB.
2023-01-31  8:43:25 0 [Note] InnoDB: 10.4.27 started; log sequence number 463008; transaction id 254
2023-01-31  8:43:25 0 [Note] InnoDB: Loading buffer pool(s) from C:\xampp\mysql\data\ib_buffer_pool
2023-01-31  8:43:25 0 [Note] Plugin 'FEEDBACK' is disabled.
2023-01-31  8:43:25 0 [Note] Server socket created on IP: '::'.
2023-01-31  8:43:25 0 [Note] InnoDB: Buffer pool(s) load completed at 230131  8:43:25
2023-01-31  8:43:26 0 [Note] Reading of all Master_info entries succeeded
2023-01-31  8:43:26 0 [Note] Added new Master_info '' to hash table
2023-01-31  8:43:26 0 [Note] C:\xampp\mysql\bin\mysqld.exe: ready for connections.
Version: '10.4.27-MariaDB'  socket: ''  port: 3306  mariadb.org binary distribution
2023-01-31  8:44:13 9 [Warning] Aborted connection 9 to db: 'smart_attendance' user: 'root' host: 'localhost' (Got an error reading communication packets)
2023-01-31  8:47:46 10 [Warning] Aborted connection 10 to db: 'smart_attendance' user: 'root' host: 'localhost' (Got an error reading communication packets)
2023-01-31  8:52:47 11 [Warning] Aborted connection 11 to db: 'smart_attendance' user: 'root' host: 'localhost' (Got an error reading communication packets)
2023-01-31  9:02:06 0 [Note] C:\xampp\mysql\bin\mysqld.exe (initiated by: unknown): Normal shutdown
2023-01-31  9:02:06 0 [Note] Event Scheduler: Purging the queue. 0 events
2023-01-31  9:02:06 0 [Note] InnoDB: FTS optimize thread exiting.
2023-01-31  9:02:06 0 [Note] InnoDB: Starting shutdown...
2023-01-31  9:02:06 0 [Note] InnoDB: Dumping buffer pool(s) to C:\xampp\mysql\data\ib_buffer_pool
2023-01-31  9:02:06 0 [Note] InnoDB: Instance 0, restricted to 250 pages due to innodb_buf_pool_dump_pct=25
2023-01-31  9:02:06 0 [Note] InnoDB: Buffer pool(s) dump completed at 230131  9:02:06
2023-01-31  9:02:07 0 [Note] InnoDB: Removed temporary tablespace data file: "ibtmp1"
2023-01-31  9:02:07 0 [Note] InnoDB: Shutdown completed; log sequence number 463017; transaction id 258
2023-01-31  9:02:07 0 [Note] C:\xampp\mysql\bin\mysqld.exe: Shutdown complete

2023-01-31  9:34:09 0 [Note] InnoDB: Mutexes and rw_locks use Windows interlocked functions
2023-01-31  9:34:09 0 [Note] InnoDB: Uses event mutexes
2023-01-31  9:34:09 0 [Note] InnoDB: Compressed tables use zlib 1.2.12
2023-01-31  9:34:09 0 [Note] InnoDB: Number of pools: 1
2023-01-31  9:34:09 0 [Note] InnoDB: Using SSE2 crc32 instructions
2023-01-31  9:34:09 0 [Note] InnoDB: Initializing buffer pool, total size = 16M, instances = 1, chunk size = 16M
2023-01-31  9:34:09 0 [Note] InnoDB: Completed initialization of buffer pool
2023-01-31  9:34:09 0 [Note] InnoDB: 128 out of 128 rollback segments are active.
2023-01-31  9:34:09 0 [Note] InnoDB: Creating shared tablespace for temporary tables
2023-01-31  9:34:09 0 [Note] InnoDB: Setting file 'C:\xampp\mysql\data\ibtmp1' size to 12 MB. Physically writing the file full; Please wait ...
2023-01-31  9:34:09 0 [Note] InnoDB: File 'C:\xampp\mysql\data\ibtmp1' size is now 12 MB.
2023-01-31  9:34:09 0 [Note] InnoDB: Waiting for purge to start
2023-01-31  9:34:09 0 [Note] InnoDB: 10.4.27 started; log sequence number 463017; transaction id 254
2023-01-31  9:34:09 0 [Note] Plugin 'FEEDBACK' is disabled.
2023-01-31  9:34:09 0 [Note] InnoDB: Loading buffer pool(s) from C:\xampp\mysql\data\ib_buffer_pool
2023-01-31  9:34:09 0 [Note] Server socket created on IP: '::'.
2023-01-31  9:34:09 0 [Note] InnoDB: Buffer pool(s) load completed at 230131  9:34:09
2023-01-31  9:34:09 0 [Note] Reading of all Master_info entries succeeded
2023-01-31  9:34:09 0 [Note] Added new Master_info '' to hash table
2023-01-31  9:34:09 0 [Note] C:\xampp\mysql\bin\mysqld.exe: ready for connections.
Version: '10.4.27-MariaDB'  socket: ''  port: 3306  mariadb.org binary distribution
2023-01-31  9:45:04 0 [Note] C:\xampp\mysql\bin\mysqld.exe (initiated by: unknown): Normal shutdown
2023-01-31  9:45:04 0 [Note] Event Scheduler: Purging the queue. 0 events
2023-01-31  9:45:04 0 [Note] InnoDB: FTS optimize thread exiting.
2023-01-31  9:45:04 0 [Note] InnoDB: Starting shutdown...
2023-01-31  9:45:04 0 [Note] InnoDB: Dumping buffer pool(s) to C:\xampp\mysql\data\ib_buffer_pool
2023-01-31  9:45:04 0 [Note] InnoDB: Instance 0, restricted to 250 pages due to innodb_buf_pool_dump_pct=25
2023-01-31  9:45:04 0 [Note] InnoDB: Buffer pool(s) dump completed at 230131  9:45:04
2023-01-31  9:45:05 0 [Note] InnoDB: Removed temporary tablespace data file: "ibtmp1"
2023-01-31  9:45:05 0 [Note] InnoDB: Shutdown completed; log sequence number 463026; transaction id 258
2023-01-31  9:45:05 0 [Note] C:\xampp\mysql\bin\mysqld.exe: Shutdown complete

2023-01-31  9:51:08 0 [Note] InnoDB: Mutexes and rw_locks use Windows interlocked functions
2023-01-31  9:51:08 0 [Note] InnoDB: Uses event mutexes
2023-01-31  9:51:08 0 [Note] InnoDB: Compressed tables use zlib 1.2.12
2023-01-31  9:51:08 0 [Note] InnoDB: Number of pools: 1
2023-01-31  9:51:08 0 [Note] InnoDB: Using SSE2 crc32 instructions
2023-01-31  9:51:08 0 [Note] InnoDB: Initializing buffer pool, total size = 16M, instances = 1, chunk size = 16M
2023-01-31  9:51:08 0 [Note] InnoDB: Completed initialization of buffer pool
2023-01-31  9:51:08 0 [Note] InnoDB: 128 out of 128 rollback segments are active.
2023-01-31  9:51:08 0 [Note] InnoDB: Creating shared tablespace for temporary tables
2023-01-31  9:51:08 0 [Note] InnoDB: Setting file 'C:\xampp\mysql\data\ibtmp1' size to 12 MB. Physically writing the file full; Please wait ...
2023-01-31  9:51:08 0 [Note] InnoDB: File 'C:\xampp\mysql\data\ibtmp1' size is now 12 MB.
2023-01-31  9:51:08 0 [Note] InnoDB: 10.4.27 started; log sequence number 463026; transaction id 254
2023-01-31  9:51:08 0 [Note] InnoDB: Loading buffer pool(s) from C:\xampp\mysql\data\ib_buffer_pool
2023-01-31  9:51:08 0 [Note] Plugin 'FEEDBACK' is disabled.
2023-01-31  9:51:08 0 [Note] Server socket created on IP: '::'.
2023-01-31  9:51:08 0 [Note] Reading of all Master_info entries succeeded
2023-01-31  9:51:08 0 [Note] Added new Master_info '' to hash table
2023-01-31  9:51:08 0 [Note] C:\xampp\mysql\bin\mysqld.exe: ready for connections.
Version: '10.4.27-MariaDB'  socket: ''  port: 3306  mariadb.org binary distribution
2023-01-31  9:51:08 0 [Note] InnoDB: Buffer pool(s) load completed at 230131  9:51:08
2023-01-31 10:05:12 14 [Warning] Aborted connection 14 to db: 'smart_attendance' user: 'root' host: 'localhost' (Got an error reading communication packets)
2023-01-31 10:11:39 0 [Note] C:\xampp\mysql\bin\mysqld.exe (initiated by: unknown): Normal shutdown
2023-01-31 10:11:39 0 [Note] Event Scheduler: Purging the queue. 0 events
2023-01-31 10:11:39 0 [Note] InnoDB: FTS optimize thread exiting.
2023-01-31 10:11:39 0 [Note] InnoDB: Starting shutdown...
2023-01-31 10:11:39 0 [Note] InnoDB: Dumping buffer pool(s) to C:\xampp\mysql\data\ib_buffer_pool
2023-01-31 10:11:39 0 [Note] InnoDB: Instance 0, restricted to 250 pages due to innodb_buf_pool_dump_pct=25
2023-01-31 10:11:39 0 [Note] InnoDB: Buffer pool(s) dump completed at 230131 10:11:39
2023-01-31 10:11:40 0 [Note] InnoDB: Removed temporary tablespace data file: "ibtmp1"
2023-01-31 10:11:40 0 [Note] InnoDB: Shutdown completed; log sequence number 463035; transaction id 257
2023-01-31 10:11:40 0 [Note] C:\xampp\mysql\bin\mysqld.exe: Shutdown complete

2023-01-31 17:39:14 0 [Note] InnoDB: Mutexes and rw_locks use Windows interlocked functions
2023-01-31 17:39:14 0 [Note] InnoDB: Uses event mutexes
2023-01-31 17:39:14 0 [Note] InnoDB: Compressed tables use zlib 1.2.12
2023-01-31 17:39:14 0 [Note] InnoDB: Number of pools: 1
2023-01-31 17:39:14 0 [Note] InnoDB: Using SSE2 crc32 instructions
2023-01-31 17:39:14 0 [Note] InnoDB: Initializing buffer pool, total size = 16M, instances = 1, chunk size = 16M
2023-01-31 17:39:14 0 [Note] InnoDB: Completed initialization of buffer pool
2023-01-31 17:39:14 0 [Note] InnoDB: 128 out of 128 rollback segments are active.
2023-01-31 17:39:14 0 [Note] InnoDB: Creating shared tablespace for temporary tables
2023-01-31 17:39:14 0 [Note] InnoDB: Setting file 'C:\xampp\mysql\data\ibtmp1' size to 12 MB. Physically writing the file full; Please wait ...
2023-01-31 17:39:14 0 [Note] InnoDB: File 'C:\xampp\mysql\data\ibtmp1' size is now 12 MB.
2023-01-31 17:39:14 0 [Note] InnoDB: Waiting for purge to start
2023-01-31 17:39:14 0 [Note] InnoDB: 10.4.27 started; log sequence number 463035; transaction id 254
2023-01-31 17:39:14 0 [Note] InnoDB: Loading buffer pool(s) from C:\xampp\mysql\data\ib_buffer_pool
2023-01-31 17:39:14 0 [Note] Plugin 'FEEDBACK' is disabled.
2023-01-31 17:39:14 0 [Note] Server socket created on IP: '::'.
2023-01-31 17:39:14 0 [Note] InnoDB: Buffer pool(s) load completed at 230131 17:39:14
2023-01-31 17:39:14 0 [Note] Reading of all Master_info entries succeeded
2023-01-31 17:39:14 0 [Note] Added new Master_info '' to hash table
2023-01-31 17:39:14 0 [Note] C:\xampp\mysql\bin\mysqld.exe: ready for connections.
Version: '10.4.27-MariaDB'  socket: ''  port: 3306  mariadb.org binary distribution
2023-01-31 17:40:42 11 [Warning] Aborted connection 11 to db: 'smart_attendance' user: 'root' host: 'localhost' (Got an error reading communication packets)
2023-01-31 18:48:06 16 [Warning] Aborted connection 16 to db: 'smart_attendance' user: 'root' host: 'localhost' (Got an error reading communication packets)
2023-01-31 18:53:33 25 [Warning] Aborted connection 25 to db: 'smart_attendance' user: 'root' host: 'localhost' (Got an error reading communication packets)
2023-01-31 18:57:15 24 [Warning] Aborted connection 24 to db: 'smart_attendance' user: 'root' host: 'localhost' (Got an error reading communication packets)
2023-01-31 18:57:15 33 [Warning] Aborted connection 33 to db: 'smart_attendance' user: 'root' host: 'localhost' (Got an error reading communication packets)
2023-01-31 18:57:15 40 [Warning] Aborted connection 40 to db: 'smart_attendance' user: 'root' host: 'localhost' (Got an error reading communication packets)
2023-01-31 19:12:22 55 [Warning] Aborted connection 55 to db: 'smart_attendance' user: 'root' host: 'localhost' (Got an error reading communication packets)
2023-01-31 19:13:15 66 [Warning] Aborted connection 66 to db: 'smart_attendance' user: 'root' host: 'localhost' (Got an error reading communication packets)
2023-01-31 19:14:03 49 [Warning] Aborted connection 49 to db: 'smart_attendance' user: 'root' host: 'localhost' (Got an error reading communication packets)
2023-01-31 19:14:03 65 [Warning] Aborted connection 65 to db: 'smart_attendance' user: 'root' host: 'localhost' (Got an error reading communication packets)
2023-01-31 19:21:38 76 [Warning] Aborted connection 76 to db: 'smart_attendance' user: 'root' host: 'localhost' (Got an error reading communication packets)
2023-01-31 19:21:47 0 [Note] C:\xampp\mysql\bin\mysqld.exe (initiated by: unknown): Normal shutdown
2023-01-31 19:21:47 0 [Note] Event Scheduler: Purging the queue. 0 events
2023-01-31 19:21:47 0 [Note] InnoDB: FTS optimize thread exiting.
2023-01-31 19:21:47 0 [Note] InnoDB: Starting shutdown...
2023-01-31 19:21:47 0 [Note] InnoDB: Dumping buffer pool(s) to C:\xampp\mysql\data\ib_buffer_pool
2023-01-31 19:21:47 0 [Note] InnoDB: Instance 0, restricted to 250 pages due to innodb_buf_pool_dump_pct=25
2023-01-31 19:21:47 0 [Note] InnoDB: Buffer pool(s) dump completed at 230131 19:21:47
2023-01-31 19:21:48 0 [Note] InnoDB: Removed temporary tablespace data file: "ibtmp1"
2023-01-31 19:21:48 0 [Note] InnoDB: Shutdown completed; log sequence number 479410; transaction id 349
2023-01-31 19:21:48 0 [Note] C:\xampp\mysql\bin\mysqld.exe: Shutdown complete

2023-01-31 22:31:36 0 [Note] InnoDB: Mutexes and rw_locks use Windows interlocked functions
2023-01-31 22:31:36 0 [Note] InnoDB: Uses event mutexes
2023-01-31 22:31:36 0 [Note] InnoDB: Compressed tables use zlib 1.2.12
2023-01-31 22:31:36 0 [Note] InnoDB: Number of pools: 1
2023-01-31 22:31:36 0 [Note] InnoDB: Using SSE2 crc32 instructions
2023-01-31 22:31:36 0 [Note] InnoDB: Initializing buffer pool, total size = 16M, instances = 1, chunk size = 16M
2023-01-31 22:31:36 0 [Note] InnoDB: Completed initialization of buffer pool
2023-01-31 22:31:36 0 [Note] InnoDB: 128 out of 128 rollback segments are active.
2023-01-31 22:31:36 0 [Note] InnoDB: Creating shared tablespace for temporary tables
2023-01-31 22:31:36 0 [Note] InnoDB: Setting file 'C:\xampp\mysql\data\ibtmp1' size to 12 MB. Physically writing the file full; Please wait ...
2023-01-31 22:31:36 0 [Note] InnoDB: File 'C:\xampp\mysql\data\ibtmp1' size is now 12 MB.
2023-01-31 22:31:36 0 [Note] InnoDB: Waiting for purge to start
2023-01-31 22:31:36 0 [Note] InnoDB: 10.4.27 started; log sequence number 479410; transaction id 350
2023-01-31 22:31:36 0 [Note] InnoDB: Loading buffer pool(s) from C:\xampp\mysql\data\ib_buffer_pool
2023-01-31 22:31:36 0 [Note] Plugin 'FEEDBACK' is disabled.
2023-01-31 22:31:36 0 [Note] InnoDB: Buffer pool(s) load completed at 230131 22:31:36
2023-01-31 22:31:36 0 [Note] Server socket created on IP: '::'.
2023-01-31 22:31:36 0 [Note] Reading of all Master_info entries succeeded
2023-01-31 22:31:36 0 [Note] Added new Master_info '' to hash table
2023-01-31 22:31:36 0 [Note] C:\xampp\mysql\bin\mysqld.exe: ready for connections.
Version: '10.4.27-MariaDB'  socket: ''  port: 3306  mariadb.org binary distribution
2023-01-31 22:45:38 44 [Warning] Aborted connection 44 to db: 'smart_attendance' user: 'root' host: 'localhost' (Got an error reading communication packets)
2023-01-31 22:48:21 57 [Warning] Aborted connection 57 to db: 'smart_attendance' user: 'root' host: 'localhost' (Got an error reading communication packets)
2023-01-31 22:57:13 0 [Note] C:\xampp\mysql\bin\mysqld.exe (initiated by: unknown): Normal shutdown
2023-01-31 22:57:13 0 [Note] Event Scheduler: Purging the queue. 0 events
2023-01-31 22:57:13 0 [Note] InnoDB: FTS optimize thread exiting.
2023-01-31 22:57:13 0 [Note] InnoDB: Starting shutdown...
2023-01-31 22:57:13 0 [Note] InnoDB: Dumping buffer pool(s) to C:\xampp\mysql\data\ib_buffer_pool
2023-01-31 22:57:13 0 [Note] InnoDB: Instance 0, restricted to 250 pages due to innodb_buf_pool_dump_pct=25
2023-01-31 22:57:13 0 [Note] InnoDB: Buffer pool(s) dump completed at 230131 22:57:13
2023-01-31 22:57:14 0 [Note] InnoDB: Removed temporary tablespace data file: "ibtmp1"
2023-01-31 22:57:14 0 [Note] InnoDB: Shutdown completed; log sequence number 606331; transaction id 424
2023-01-31 22:57:14 0 [Note] C:\xampp\mysql\bin\mysqld.exe: Shutdown complete

2023-01-31 23:02:45 0 [Note] InnoDB: Mutexes and rw_locks use Windows interlocked functions
2023-01-31 23:02:45 0 [Note] InnoDB: Uses event mutexes
2023-01-31 23:02:45 0 [Note] InnoDB: Compressed tables use zlib 1.2.12
2023-01-31 23:02:45 0 [Note] InnoDB: Number of pools: 1
2023-01-31 23:02:45 0 [Note] InnoDB: Using SSE2 crc32 instructions
2023-01-31 23:02:45 0 [Note] InnoDB: Initializing buffer pool, total size = 16M, instances = 1, chunk size = 16M
2023-01-31 23:02:45 0 [Note] InnoDB: Completed initialization of buffer pool
2023-01-31 23:02:45 0 [Note] InnoDB: 128 out of 128 rollback segments are active.
2023-01-31 23:02:45 0 [Note] InnoDB: Creating shared tablespace for temporary tables
2023-01-31 23:02:45 0 [Note] InnoDB: Setting file 'C:\xampp\mysql\data\ibtmp1' size to 12 MB. Physically writing the file full; Please wait ...
2023-01-31 23:02:45 0 [Note] InnoDB: File 'C:\xampp\mysql\data\ibtmp1' size is now 12 MB.
2023-01-31 23:02:45 0 [Note] InnoDB: Waiting for purge to start
2023-01-31 23:02:45 0 [Note] InnoDB: 10.4.27 started; log sequence number 606331; transaction id 425
2023-01-31 23:02:45 0 [Note] Plugin 'FEEDBACK' is disabled.
2023-01-31 23:02:45 0 [Note] InnoDB: Loading buffer pool(s) from C:\xampp\mysql\data\ib_buffer_pool
2023-01-31 23:02:45 0 [Note] Server socket created on IP: '::'.
2023-01-31 23:02:45 0 [Note] Reading of all Master_info entries succeeded
2023-01-31 23:02:45 0 [Note] Added new Master_info '' to hash table
2023-01-31 23:02:45 0 [Note] C:\xampp\mysql\bin\mysqld.exe: ready for connections.
Version: '10.4.27-MariaDB'  socket: ''  port: 3306  mariadb.org binary distribution
2023-01-31 23:02:45 0 [Note] InnoDB: Buffer pool(s) load completed at 230131 23:02:45
2023-02-01  8:43:38 0 [Note] InnoDB: Mutexes and rw_locks use Windows interlocked functions
2023-02-01  8:43:38 0 [Note] InnoDB: Uses event mutexes
2023-02-01  8:43:38 0 [Note] InnoDB: Compressed tables use zlib 1.2.12
2023-02-01  8:43:38 0 [Note] InnoDB: Number of pools: 1
2023-02-01  8:43:38 0 [Note] InnoDB: Using SSE2 crc32 instructions
2023-02-01  8:43:38 0 [Note] InnoDB: Initializing buffer pool, total size = 16M, instances = 1, chunk size = 16M
2023-02-01  8:43:38 0 [Note] InnoDB: Completed initialization of buffer pool
2023-02-01  8:43:38 0 [Note] InnoDB: Starting crash recovery from checkpoint LSN=606331
2023-02-01  8:43:39 0 [Note] InnoDB: 128 out of 128 rollback segments are active.
2023-02-01  8:43:39 0 [Note] InnoDB: Removed temporary tablespace data file: "ibtmp1"
2023-02-01  8:43:39 0 [Note] InnoDB: Creating shared tablespace for temporary tables
2023-02-01  8:43:39 0 [Note] InnoDB: Setting file 'C:\xampp\mysql\data\ibtmp1' size to 12 MB. Physically writing the file full; Please wait ...
2023-02-01  8:43:39 0 [Note] InnoDB: File 'C:\xampp\mysql\data\ibtmp1' size is now 12 MB.
2023-02-01  8:43:39 0 [Note] InnoDB: Waiting for purge to start
2023-02-01  8:43:39 0 [Note] InnoDB: 10.4.27 started; log sequence number 606340; transaction id 425
2023-02-01  8:43:39 0 [Note] Plugin 'FEEDBACK' is disabled.
2023-02-01  8:43:39 0 [Note] InnoDB: Loading buffer pool(s) from C:\xampp\mysql\data\ib_buffer_pool
2023-02-01  8:43:39 0 [Note] Server socket created on IP: '::'.
2023-02-01  8:43:39 0 [Note] InnoDB: Buffer pool(s) load completed at 230201  8:43:39
2023-02-01  8:43:39 0 [Note] Reading of all Master_info entries succeeded
2023-02-01  8:43:39 0 [Note] Added new Master_info '' to hash table
2023-02-01  8:43:39 0 [Note] C:\xampp\mysql\bin\mysqld.exe: ready for connections.
Version: '10.4.27-MariaDB'  socket: ''  port: 3306  mariadb.org binary distribution
2023-02-01  9:09:57 0 [Note] C:\xampp\mysql\bin\mysqld.exe (initiated by: unknown): Normal shutdown
2023-02-01  9:09:57 0 [Note] Event Scheduler: Purging the queue. 0 events
2023-02-01  9:09:57 0 [Note] InnoDB: FTS optimize thread exiting.
2023-02-01  9:09:57 0 [Note] InnoDB: Starting shutdown...
2023-02-01  9:09:57 0 [Note] InnoDB: Dumping buffer pool(s) to C:\xampp\mysql\data\ib_buffer_pool
2023-02-01  9:09:57 0 [Note] InnoDB: Instance 0, restricted to 250 pages due to innodb_buf_pool_dump_pct=25
2023-02-01  9:09:57 0 [Note] InnoDB: Buffer pool(s) dump completed at 230201  9:09:57
2023-02-01  9:09:58 0 [Note] InnoDB: Removed temporary tablespace data file: "ibtmp1"
2023-02-01  9:09:58 0 [Note] InnoDB: Shutdown completed; log sequence number 606358; transaction id 426
2023-02-01  9:09:58 0 [Note] C:\xampp\mysql\bin\mysqld.exe: Shutdown complete

2023-02-01  9:40:50 0 [Note] InnoDB: Mutexes and rw_locks use Windows interlocked functions
2023-02-01  9:40:50 0 [Note] InnoDB: Uses event mutexes
2023-02-01  9:40:50 0 [Note] InnoDB: Compressed tables use zlib 1.2.12
2023-02-01  9:40:50 0 [Note] InnoDB: Number of pools: 1
2023-02-01  9:40:50 0 [Note] InnoDB: Using SSE2 crc32 instructions
2023-02-01  9:40:50 0 [Note] InnoDB: Initializing buffer pool, total size = 16M, instances = 1, chunk size = 16M
2023-02-01  9:40:50 0 [Note] InnoDB: Completed initialization of buffer pool
2023-02-01  9:40:50 0 [Note] InnoDB: 128 out of 128 rollback segments are active.
2023-02-01  9:40:50 0 [Note] InnoDB: Creating shared tablespace for temporary tables
2023-02-01  9:40:50 0 [Note] InnoDB: Setting file 'C:\xampp\mysql\data\ibtmp1' size to 12 MB. Physically writing the file full; Please wait ...
2023-02-01  9:40:50 0 [Note] InnoDB: File 'C:\xampp\mysql\data\ibtmp1' size is now 12 MB.
2023-02-01  9:40:50 0 [Note] InnoDB: 10.4.27 started; log sequence number 606358; transaction id 425
2023-02-01  9:40:50 0 [Note] InnoDB: Loading buffer pool(s) from C:\xampp\mysql\data\ib_buffer_pool
2023-02-01  9:40:50 0 [Note] Plugin 'FEEDBACK' is disabled.
2023-02-01  9:40:50 0 [Note] Server socket created on IP: '::'.
2023-02-01  9:40:50 0 [Note] InnoDB: Buffer pool(s) load completed at 230201  9:40:50
2023-02-01  9:40:50 0 [Note] Reading of all Master_info entries succeeded
2023-02-01  9:40:50 0 [Note] Added new Master_info '' to hash table
2023-02-01  9:40:50 0 [Note] C:\xampp\mysql\bin\mysqld.exe: ready for connections.
Version: '10.4.27-MariaDB'  socket: ''  port: 3306  mariadb.org binary distribution
2023-02-01 10:02:02 0 [Note] C:\xampp\mysql\bin\mysqld.exe (initiated by: unknown): Normal shutdown
2023-02-01 10:02:02 0 [Note] InnoDB: FTS optimize thread exiting.
2023-02-01 10:02:02 0 [Note] Event Scheduler: Purging the queue. 0 events
2023-02-01 10:02:02 0 [Note] InnoDB: Starting shutdown...
2023-02-01 10:02:02 0 [Note] InnoDB: Dumping buffer pool(s) to C:\xampp\mysql\data\ib_buffer_pool
2023-02-01 10:02:02 0 [Note] InnoDB: Instance 0, restricted to 250 pages due to innodb_buf_pool_dump_pct=25
2023-02-01 10:02:02 0 [Note] InnoDB: Buffer pool(s) dump completed at 230201 10:02:02
2023-02-01 10:02:02 0 [Note] InnoDB: Removed temporary tablespace data file: "ibtmp1"
2023-02-01 10:02:02 0 [Note] InnoDB: Shutdown completed; log sequence number 606367; transaction id 426
2023-02-01 10:02:02 0 [Note] C:\xampp\mysql\bin\mysqld.exe: Shutdown complete

2023-02-01 13:36:42 0 [Note] InnoDB: Mutexes and rw_locks use Windows interlocked functions
2023-02-01 13:36:42 0 [Note] InnoDB: Uses event mutexes
2023-02-01 13:36:42 0 [Note] InnoDB: Compressed tables use zlib 1.2.12
2023-02-01 13:36:42 0 [Note] InnoDB: Number of pools: 1
2023-02-01 13:36:42 0 [Note] InnoDB: Using SSE2 crc32 instructions
2023-02-01 13:36:42 0 [Note] InnoDB: Initializing buffer pool, total size = 16M, instances = 1, chunk size = 16M
2023-02-01 13:36:42 0 [Note] InnoDB: Completed initialization of buffer pool
2023-02-01 13:36:43 0 [Note] InnoDB: 128 out of 128 rollback segments are active.
2023-02-01 13:36:43 0 [Note] InnoDB: Creating shared tablespace for temporary tables
2023-02-01 13:36:43 0 [Note] InnoDB: Setting file 'C:\xampp\mysql\data\ibtmp1' size to 12 MB. Physically writing the file full; Please wait ...
2023-02-01 13:36:43 0 [Note] InnoDB: File 'C:\xampp\mysql\data\ibtmp1' size is now 12 MB.
2023-02-01 13:36:43 0 [Note] InnoDB: Waiting for purge to start
2023-02-01 13:36:43 0 [Note] InnoDB: 10.4.27 started; log sequence number 606367; transaction id 425
2023-02-01 13:36:43 0 [Note] InnoDB: Loading buffer pool(s) from C:\xampp\mysql\data\ib_buffer_pool
2023-02-01 13:36:43 0 [Note] Plugin 'FEEDBACK' is disabled.
2023-02-01 13:36:43 0 [Note] Server socket created on IP: '::'.
2023-02-01 13:36:43 0 [Note] Reading of all Master_info entries succeeded
2023-02-01 13:36:43 0 [Note] Added new Master_info '' to hash table
2023-02-01 13:36:43 0 [Note] C:\xampp\mysql\bin\mysqld.exe: ready for connections.
Version: '10.4.27-MariaDB'  socket: ''  port: 3306  mariadb.org binary distribution
2023-02-01 13:36:43 0 [Note] InnoDB: Buffer pool(s) load completed at 230201 13:36:43
2023-02-01 13:42:07 9 [Warning] Aborted connection 9 to db: 'smart_attendance' user: 'root' host: 'localhost' (Got an error reading communication packets)
2023-02-01 13:47:06 27 [Warning] Aborted connection 27 to db: 'smart_attendance' user: 'root' host: 'localhost' (Got an error reading communication packets)
2023-02-01 14:19:42 21 [Warning] Aborted connection 21 to db: 'smart_attendance' user: 'root' host: 'localhost' (Got an error reading communication packets)
2023-02-01 14:19:42 41 [Warning] Aborted connection 41 to db: 'smart_attendance' user: 'root' host: 'localhost' (Got an error reading communication packets)
2023-02-01 16:35:26 0 [Note] C:\xampp\mysql\bin\mysqld.exe (initiated by: unknown): Normal shutdown
2023-02-01 16:35:26 0 [Note] Event Scheduler: Purging the queue. 0 events
2023-02-01 16:35:26 0 [Note] InnoDB: FTS optimize thread exiting.
2023-02-01 16:35:26 0 [Note] InnoDB: Starting shutdown...
2023-02-01 16:35:26 0 [Note] InnoDB: Dumping buffer pool(s) to C:\xampp\mysql\data\ib_buffer_pool
2023-02-01 16:35:26 0 [Note] InnoDB: Instance 0, restricted to 250 pages due to innodb_buf_pool_dump_pct=25
2023-02-01 16:35:26 0 [Note] InnoDB: Buffer pool(s) dump completed at 230201 16:35:26
2023-02-01 16:35:27 0 [Note] InnoDB: Removed temporary tablespace data file: "ibtmp1"
2023-02-01 16:35:27 0 [Note] InnoDB: Shutdown completed; log sequence number 632348; transaction id 535
2023-02-01 16:35:27 0 [Note] C:\xampp\mysql\bin\mysqld.exe: Shutdown complete

2023-02-01 19:28:04 0 [Note] InnoDB: Mutexes and rw_locks use Windows interlocked functions
2023-02-01 19:28:04 0 [Note] InnoDB: Uses event mutexes
2023-02-01 19:28:04 0 [Note] InnoDB: Compressed tables use zlib 1.2.12
2023-02-01 19:28:04 0 [Note] InnoDB: Number of pools: 1
2023-02-01 19:28:04 0 [Note] InnoDB: Using SSE2 crc32 instructions
2023-02-01 19:28:04 0 [Note] InnoDB: Initializing buffer pool, total size = 16M, instances = 1, chunk size = 16M
2023-02-01 19:28:04 0 [Note] InnoDB: Completed initialization of buffer pool
2023-02-01 19:28:04 0 [Note] InnoDB: 128 out of 128 rollback segments are active.
2023-02-01 19:28:04 0 [Note] InnoDB: Creating shared tablespace for temporary tables
2023-02-01 19:28:04 0 [Note] InnoDB: Setting file 'C:\xampp\mysql\data\ibtmp1' size to 12 MB. Physically writing the file full; Please wait ...
2023-02-01 19:28:04 0 [Note] InnoDB: File 'C:\xampp\mysql\data\ibtmp1' size is now 12 MB.
2023-02-01 19:28:04 0 [Note] InnoDB: Waiting for purge to start
2023-02-01 19:28:05 0 [Note] InnoDB: 10.4.27 started; log sequence number 632348; transaction id 536
2023-02-01 19:28:05 0 [Note] InnoDB: Loading buffer pool(s) from C:\xampp\mysql\data\ib_buffer_pool
2023-02-01 19:28:05 0 [Note] Plugin 'FEEDBACK' is disabled.
2023-02-01 19:28:05 0 [Note] Server socket created on IP: '::'.
2023-02-01 19:28:05 0 [Note] Reading of all Master_info entries succeeded
2023-02-01 19:28:05 0 [Note] Added new Master_info '' to hash table
2023-02-01 19:28:05 0 [Note] C:\xampp\mysql\bin\mysqld.exe: ready for connections.
Version: '10.4.27-MariaDB'  socket: ''  port: 3306  mariadb.org binary distribution
2023-02-01 19:28:05 0 [Note] InnoDB: Buffer pool(s) load completed at 230201 19:28:05
2023-02-01 19:52:09 0 [Note] C:\xampp\mysql\bin\mysqld.exe (initiated by: unknown): Normal shutdown
2023-02-01 19:52:09 0 [Note] Event Scheduler: Purging the queue. 0 events
2023-02-01 19:52:09 0 [Note] InnoDB: FTS optimize thread exiting.
2023-02-01 19:52:09 0 [Note] InnoDB: Starting shutdown...
2023-02-01 19:52:09 0 [Note] InnoDB: Dumping buffer pool(s) to C:\xampp\mysql\data\ib_buffer_pool
2023-02-01 19:52:09 0 [Note] InnoDB: Instance 0, restricted to 250 pages due to innodb_buf_pool_dump_pct=25
2023-02-01 19:52:09 0 [Note] InnoDB: Buffer pool(s) dump completed at 230201 19:52:09
2023-02-01 19:52:09 0 [Note] InnoDB: Removed temporary tablespace data file: "ibtmp1"
2023-02-01 19:52:09 0 [Note] InnoDB: Shutdown completed; log sequence number 649944; transaction id 594
2023-02-01 19:52:10 0 [Note] C:\xampp\mysql\bin\mysqld.exe: Shutdown complete

2023-02-01 22:46:04 0 [Note] InnoDB: Mutexes and rw_locks use Windows interlocked functions
2023-02-01 22:46:04 0 [Note] InnoDB: Uses event mutexes
2023-02-01 22:46:04 0 [Note] InnoDB: Compressed tables use zlib 1.2.12
2023-02-01 22:46:04 0 [Note] InnoDB: Number of pools: 1
2023-02-01 22:46:04 0 [Note] InnoDB: Using SSE2 crc32 instructions
2023-02-01 22:46:04 0 [Note] InnoDB: Initializing buffer pool, total size = 16M, instances = 1, chunk size = 16M
2023-02-01 22:46:04 0 [Note] InnoDB: Completed initialization of buffer pool
2023-02-01 22:46:04 0 [Note] InnoDB: 128 out of 128 rollback segments are active.
2023-02-01 22:46:04 0 [Note] InnoDB: Creating shared tablespace for temporary tables
2023-02-01 22:46:04 0 [Note] InnoDB: Setting file 'C:\xampp\mysql\data\ibtmp1' size to 12 MB. Physically writing the file full; Please wait ...
2023-02-01 22:46:05 0 [Note] InnoDB: File 'C:\xampp\mysql\data\ibtmp1' size is now 12 MB.
2023-02-01 22:46:05 0 [Note] InnoDB: 10.4.27 started; log sequence number 649944; transaction id 595
2023-02-01 22:46:05 0 [Note] InnoDB: Loading buffer pool(s) from C:\xampp\mysql\data\ib_buffer_pool
2023-02-01 22:46:05 0 [Note] Plugin 'FEEDBACK' is disabled.
2023-02-01 22:46:05 0 [Note] Server socket created on IP: '::'.
2023-02-01 22:46:05 0 [Note] InnoDB: Buffer pool(s) load completed at 230201 22:46:05
2023-02-01 22:46:05 0 [Note] Reading of all Master_info entries succeeded
2023-02-01 22:46:05 0 [Note] Added new Master_info '' to hash table
2023-02-01 22:46:05 0 [Note] C:\xampp\mysql\bin\mysqld.exe: ready for connections.
Version: '10.4.27-MariaDB'  socket: ''  port: 3306  mariadb.org binary distribution
2023-02-01 23:04:45 49 [Warning] Aborted connection 49 to db: 'smart_attendance' user: 'root' host: 'localhost' (Got an error reading communication packets)
2023-02-01 23:04:46 50 [Warning] Aborted connection 50 to db: 'smart_attendance' user: 'root' host: 'localhost' (Got an error reading communication packets)
2023-02-01 23:04:46 51 [Warning] Aborted connection 51 to db: 'smart_attendance' user: 'root' host: 'localhost' (Got an error reading communication packets)
2023-02-01 23:04:46 52 [Warning] Aborted connection 52 to db: 'smart_attendance' user: 'root' host: 'localhost' (Got an error reading communication packets)
2023-02-01 23:06:32 57 [Warning] Aborted connection 57 to db: 'smart_attendance' user: 'root' host: 'localhost' (Got an error reading communication packets)
2023-02-01 23:06:44 59 [Warning] Aborted connection 59 to db: 'smart_attendance' user: 'root' host: 'localhost' (Got an error reading communication packets)
2023-02-01 23:07:08 61 [Warning] Aborted connection 61 to db: 'smart_attendance' user: 'root' host: 'localhost' (Got an error reading communication packets)
2023-02-01 23:07:21 62 [Warning] Aborted connection 62 to db: 'smart_attendance' user: 'root' host: 'localhost' (Got an error reading communication packets)
2023-02-01 23:08:45 87 [Warning] Aborted connection 87 to db: 'smart_attendance' user: 'root' host: 'localhost' (Got an error reading communication packets)
2023-02-01 23:09:22 89 [Warning] Aborted connection 89 to db: 'smart_attendance' user: 'root' host: 'localhost' (Got an error reading communication packets)
2023-02-01 23:10:23 94 [Warning] Aborted connection 94 to db: 'smart_attendance' user: 'root' host: 'localhost' (Got an error reading communication packets)
2023-02-01 23:10:28 53 [Warning] Aborted connection 53 to db: 'smart_attendance' user: 'root' host: 'localhost' (Got an error reading communication packets)
2023-02-01 23:13:44 107 [Warning] Aborted connection 107 to db: 'smart_attendance' user: 'root' host: 'localhost' (Got an error reading communication packets)
2023-02-01 23:19:42 110 [Warning] Aborted connection 110 to db: 'smart_attendance' user: 'root' host: 'localhost' (Got an error reading communication packets)
2023-02-01 23:20:09 112 [Warning] Aborted connection 112 to db: 'smart_attendance' user: 'root' host: 'localhost' (Got an error reading communication packets)
2023-02-01 23:20:58 113 [Warning] Aborted connection 113 to db: 'smart_attendance' user: 'root' host: 'localhost' (Got an error reading communication packets)
2023-02-01 23:25:11 102 [Warning] Aborted connection 102 to db: 'smart_attendance' user: 'root' host: 'localhost' (Got an error reading communication packets)
2023-02-01 23:25:11 120 [Warning] Aborted connection 120 to db: 'smart_attendance' user: 'root' host: 'localhost' (Got an error reading communication packets)
